<?xml version="1.0" encoding="UTF-8"?>
<!-- Generated by org.testng.reporters.JUnitReportReporter -->
<testsuite hostname="XTL0058" failures="0" tests="1" name="Octopix.Octopix.AppTest" time="0.005" errors="0" timestamp="2024-02-01T23:08:51 IST" skipped="0">
  <testcase classname="Octopix.Octopix.AppTest" name="shouldAnswerWithTrue" time="0.005"/>
</testsuite> <!-- Octopix.Octopix.AppTest -->
